c:\users\mdola\source\repos\awsomeman328\cis227-cpp2-group4-assignment1\cis227-cpp-group4-assignment1\x64\debug\vc143.pdb
c:\users\mdola\source\repos\awsomeman328\cis227-cpp2-group4-assignment1\cis227-cpp-group4-assignment1\x64\debug\vc143.idb
c:\users\mdola\source\repos\awsomeman328\cis227-cpp2-group4-assignment1\cis227-cpp-group4-assignment1\x64\debug\calculations.obj
c:\users\mdola\source\repos\awsomeman328\cis227-cpp2-group4-assignment1\cis227-cpp-group4-assignment1\x64\debug\validatedoublefromstring.obj
c:\users\mdola\source\repos\awsomeman328\cis227-cpp2-group4-assignment1\cis227-cpp-group4-assignment1\x64\debug\cis227-cpp-group4-assignment1.obj
c:\users\awsoe\onedrive\documents\school\winter 2023\c++2\week2\cis227-cpp2-group4-assignment1\cis227-cpp-group4-assignment1\x64\debug\vc143.pdb
c:\users\awsoe\onedrive\documents\school\winter 2023\c++2\week2\cis227-cpp2-group4-assignment1\cis227-cpp-group4-assignment1\x64\debug\vc143.idb
c:\users\awsoe\onedrive\documents\school\winter 2023\c++2\week2\cis227-cpp2-group4-assignment1\cis227-cpp-group4-assignment1\x64\debug\calculations.obj
c:\users\awsoe\onedrive\documents\school\winter 2023\c++2\week2\cis227-cpp2-group4-assignment1\cis227-cpp-group4-assignment1\x64\debug\validatedoublefromstring.obj
c:\users\awsoe\onedrive\documents\school\winter 2023\c++2\week2\cis227-cpp2-group4-assignment1\cis227-cpp-group4-assignment1\x64\debug\cis227-cpp-group4-assignment1.obj
c:\users\mdola\source\repos\awsomeman328\cis227-cpp2-group4-assignment1\cis227-cpp-group4-assignment1\x64\debug\cis227-cpp-group4-assignment1.ilk
c:\users\mdola\source\repos\awsomeman328\cis227-cpp2-group4-assignment1\x64\debug\cis227-cpp-group4-assignment1.exe
c:\users\mdola\source\repos\awsomeman328\cis227-cpp2-group4-assignment1\x64\debug\cis227-cpp-group4-assignment1.pdb
c:\users\mdola\source\repos\awsomeman328\cis227-cpp2-group4-assignment1\x64\debug\cis227-cpp-group4-assignment1.lib
c:\users\mdola\source\repos\awsomeman328\cis227-cpp2-group4-assignment1\x64\debug\cis227-cpp-group4-assignment1.exp
c:\users\awsoe\onedrive\documents\school\winter 2023\c++2\week2\cis227-cpp2-group4-assignment1\cis227-cpp-group4-assignment1\x64\debug\cis227-cpp-group4-assignment1.ilk
c:\users\awsoe\onedrive\documents\school\winter 2023\c++2\week2\cis227-cpp2-group4-assignment1\x64\debug\cis227-cpp-group4-assignment1.exe
c:\users\awsoe\onedrive\documents\school\winter 2023\c++2\week2\cis227-cpp2-group4-assignment1\x64\debug\cis227-cpp-group4-assignment1.pdb
c:\users\awsoe\onedrive\documents\school\winter 2023\c++2\week2\cis227-cpp2-group4-assignment1\x64\debug\cis227-cpp-group4-assignment1.lib
c:\users\awsoe\onedrive\documents\school\winter 2023\c++2\week2\cis227-cpp2-group4-assignment1\x64\debug\cis227-cpp-group4-assignment1.exp
c:\users\awsoe\onedrive\documents\school\winter 2023\c++2\week2\cis227-cpp2-group4-assignment1\cis227-cpp-group4-assignment1\x64\debug\cis227-c.ddc273cc.tlog\cl.command.1.tlog
c:\users\awsoe\onedrive\documents\school\winter 2023\c++2\week2\cis227-cpp2-group4-assignment1\cis227-cpp-group4-assignment1\x64\debug\cis227-c.ddc273cc.tlog\cl.read.1.tlog
c:\users\awsoe\onedrive\documents\school\winter 2023\c++2\week2\cis227-cpp2-group4-assignment1\cis227-cpp-group4-assignment1\x64\debug\cis227-c.ddc273cc.tlog\cl.write.1.tlog
c:\users\awsoe\onedrive\documents\school\winter 2023\c++2\week2\cis227-cpp2-group4-assignment1\cis227-cpp-group4-assignment1\x64\debug\cis227-c.ddc273cc.tlog\link.command.1.tlog
c:\users\awsoe\onedrive\documents\school\winter 2023\c++2\week2\cis227-cpp2-group4-assignment1\cis227-cpp-group4-assignment1\x64\debug\cis227-c.ddc273cc.tlog\link.read.1.tlog
c:\users\awsoe\onedrive\documents\school\winter 2023\c++2\week2\cis227-cpp2-group4-assignment1\cis227-cpp-group4-assignment1\x64\debug\cis227-c.ddc273cc.tlog\link.write.1.tlog
c:\users\awsoe\onedrive\documents\school\winter 2023\c++2\week2\cis227-cpp2-group4-assignment1\cis227-cpp-group4-assignment1\x64\debug\cis227-c.ddc273cc.tlog\link.write.2u.tlog
